# JRE version: OpenJDK Runtime Environment Temurin-21.0.6+7 (21.0.6+7) (build 21.0.6+7-LTS)
# Java VM: OpenJDK 64-Bit Server VM Temurin-21.0.6+7 (21.0.6+7-LTS, mixed mode, emulated-client, sharing, tiered, compressed oops, compressed class ptrs, g1 gc, windows-amd64)
GC Precious Log:
 CardTable entry size: 512
 Card Set container configuration: InlinePtr #cards 5 size 8 Array Of Cards #cards 12 size 40 Howl #buckets 4 coarsen threshold 1843 Howl Bitmap #cards 512 size 80 coarsen threshold 460 Card regions per heap region 1 cards per card region 2048
 CPUs: 8 total, 8 available
 Memory: 7948M
 Large Page Support: Disabled
 NUMA Support: Disabled
 Compressed Oops: Enabled (32-bit)
 Heap Region Size: 1M
 Heap Min Capacity: 8M
 Heap Initial Capacity: 126M
 Heap Max Capacity: 1988M
 Pre-touch: Disabled
 Parallel Workers: 8
 Concurrent Workers: 2
 Concurrent Refinement Workers: 8
 Periodic GC: Disabled
Heap:
 garbage-first heap   total 110592K, used 75351K [0x0000000083c00000, 0x0000000100000000)
  region size 1024K, 30 young (30720K), 4 survivors (4096K)
 Metaspace       used 73672K, committed 75136K, reserved 1179648K
  class space    used 9655K, committed 10176K, reserved 1048576K
GC Heap History (20 events):
Event: 8.864 GC heap before
{Heap before GC invocations=27 (full 0):
 garbage-first heap   total 92160K, used 84029K [0x0000000083c00000, 0x0000000100000000)
  region size 1024K, 50 young (51200K), 2 survivors (2048K)
 Metaspace       used 58294K, committed 59008K, reserved 1114112K
  class space    used 7870K, committed 8192K, reserved 1048576K
}
Event: 8.870 GC heap after
{Heap after GC invocations=28 (full 0):
 garbage-first heap   total 92160K, used 35469K [0x0000000083c00000, 0x0000000100000000)
  region size 1024K, 3 young (3072K), 3 survivors (3072K)
 Metaspace       used 58294K, committed 59008K, reserved 1114112K
  class space    used 7870K, committed 8192K, reserved 1048576K
}
Event: 9.236 GC heap before
{Heap before GC invocations=28 (full 0):
 garbage-first heap   total 92160K, used 82573K [0x0000000083c00000, 0x0000000100000000)
  region size 1024K, 49 young (50176K), 3 survivors (3072K)
 Metaspace       used 58623K, committed 59264K, reserved 1114112K
  class space    used 7905K, committed 8192K, reserved 1048576K
}
Event: 9.243 GC heap after
{Heap after GC invocations=29 (full 0):
 garbage-first heap   total 92160K, used 35832K [0x0000000083c00000, 0x0000000100000000)
  region size 1024K, 3 young (3072K), 3 survivors (3072K)
 Metaspace       used 58623K, committed 59264K, reserved 1114112K
  class space    used 7905K, committed 8192K, reserved 1048576K
}
Event: 9.581 GC heap before
{Heap before GC invocations=29 (full 0):
 garbage-first heap   total 92160K, used 82936K [0x0000000083c00000, 0x0000000100000000)
  region size 1024K, 49 young (50176K), 3 survivors (3072K)
 Metaspace       used 58951K, committed 59648K, reserved 1114112K
  class space    used 7943K, committed 8256K, reserved 1048576K
}
Event: 9.588 GC heap after
{Heap after GC invocations=30 (full 0):
 garbage-first heap   total 92160K, used 36642K [0x0000000083c00000, 0x0000000100000000)
  region size 1024K, 4 young (4096K), 4 survivors (4096K)
 Metaspace       used 58951K, committed 59648K, reserved 1114112K
  class space    used 7943K, committed 8256K, reserved 1048576K
}
Event: 10.150 GC heap before
{Heap before GC invocations=31 (full 0):
 garbage-first heap   total 92160K, used 81698K [0x0000000083c00000, 0x0000000100000000)
  region size 1024K, 48 young (49152K), 4 survivors (4096K)
 Metaspace       used 61417K, committed 62080K, reserved 1114112K
  class space    used 8344K, committed 8640K, reserved 1048576K
}
Event: 10.156 GC heap after
{Heap after GC invocations=32 (full 0):
 garbage-first heap   total 92160K, used 39706K [0x0000000083c00000, 0x0000000100000000)
  region size 1024K, 6 young (6144K), 6 survivors (6144K)
 Metaspace       used 61417K, committed 62080K, reserved 1114112K
  class space    used 8344K, committed 8640K, reserved 1048576K
}
Event: 29.932 GC heap before
{Heap before GC invocations=32 (full 0):
 garbage-first heap   total 92160K, used 80666K [0x0000000083c00000, 0x0000000100000000)
  region size 1024K, 46 young (47104K), 6 survivors (6144K)
 Metaspace       used 63411K, committed 64128K, reserved 1114112K
  class space    used 8507K, committed 8832K, reserved 1048576K
}
Event: 29.941 GC heap after
{Heap after GC invocations=33 (full 0):
 garbage-first heap   total 110592K, used 41738K [0x0000000083c00000, 0x0000000100000000)
  region size 1024K, 6 young (6144K), 6 survivors (6144K)
 Metaspace       used 63411K, committed 64128K, reserved 1114112K
  class space    used 8507K, committed 8832K, reserved 1048576K
}
Event: 30.490 GC heap before
{Heap before GC invocations=33 (full 0):
 garbage-first heap   total 110592K, used 97034K [0x0000000083c00000, 0x0000000100000000)
  region size 1024K, 60 young (61440K), 6 survivors (6144K)
 Metaspace       used 65800K, committed 66560K, reserved 1114112K
  class space    used 8726K, committed 9088K, reserved 1048576K
}
Event: 30.496 GC heap after
{Heap after GC invocations=34 (full 0):
 garbage-first heap   total 110592K, used 45515K [0x0000000083c00000, 0x0000000100000000)
  region size 1024K, 6 young (6144K), 6 survivors (6144K)
 Metaspace       used 65800K, committed 66560K, reserved 1114112K
  class space    used 8726K, committed 9088K, reserved 1048576K
}
Event: 36.216 GC heap before
{Heap before GC invocations=34 (full 0):
 garbage-first heap   total 110592K, used 97739K [0x0000000083c00000, 0x0000000100000000)
  region size 1024K, 57 young (58368K), 6 survivors (6144K)
 Metaspace       used 68695K, committed 69440K, reserved 1114112K
  class space    used 9109K, committed 9472K, reserved 1048576K
}
Event: 36.226 GC heap after
{Heap after GC invocations=35 (full 0):
 garbage-first heap   total 110592K, used 47927K [0x0000000083c00000, 0x0000000100000000)
  region size 1024K, 7 young (7168K), 7 survivors (7168K)
 Metaspace       used 68695K, committed 69440K, reserved 1114112K
  class space    used 9109K, committed 9472K, reserved 1048576K
}
Event: 38.371 GC heap before
{Heap before GC invocations=36 (full 0):
 garbage-first heap   total 110592K, used 95031K [0x0000000083c00000, 0x0000000100000000)
  region size 1024K, 54 young (55296K), 7 survivors (7168K)
 Metaspace       used 73204K, committed 74048K, reserved 1114112K
  class space    used 9652K, committed 10048K, reserved 1048576K
}
Event: 38.381 GC heap after
{Heap after GC invocations=37 (full 0):
 garbage-first heap   total 110592K, used 49913K [0x0000000083c00000, 0x0000000100000000)
  region size 1024K, 6 young (6144K), 6 survivors (6144K)
 Metaspace       used 73204K, committed 74048K, reserved 1114112K
  class space    used 9652K, committed 10048K, reserved 1048576K
}
Event: 82.823 GC heap before
{Heap before GC invocations=37 (full 0):
 garbage-first heap   total 110592K, used 95993K [0x0000000083c00000, 0x0000000100000000)
  region size 1024K, 52 young (53248K), 6 survivors (6144K)
 Metaspace       used 74335K, committed 75136K, reserved 1179648K
  class space    used 9798K, committed 10176K, reserved 1048576K
}
Event: 82.838 GC heap after
{Heap after GC invocations=38 (full 0):
 garbage-first heap   total 110592K, used 49713K [0x0000000083c00000, 0x0000000100000000)
  region size 1024K, 4 young (4096K), 4 survivors (4096K)
 Metaspace       used 74335K, committed 75136K, reserved 1179648K
  class space    used 9798K, committed 10176K, reserved 1048576K
}
Event: 145.824 GC heap before
{Heap before GC invocations=38 (full 0):
 garbage-first heap   total 110592K, used 98865K [0x0000000083c00000, 0x0000000100000000)
  region size 1024K, 52 young (53248K), 4 survivors (4096K)
 Metaspace       used 74337K, committed 75136K, reserved 1179648K
  class space    used 9798K, committed 10176K, reserved 1048576K
}
Event: 145.831 GC heap after
{Heap after GC invocations=39 (full 0):
 garbage-first heap   total 110592K, used 49751K [0x0000000083c00000, 0x0000000100000000)
  region size 1024K, 4 young (4096K), 4 survivors (4096K)
 Metaspace       used 74337K, committed 75136K, reserved 1179648K
  class space    used 9798K, committed 10176K, reserved 1048576K
}

